26.352 26.544 49
26.576 26.832 50
26.832 27.088 59
27.12 28.464 59
28.496 28.688 59
28.72 28.816 59
28.848 28.912 58
28.912 29.008 58
29.008 29.2 60
29.232 29.296 60
29.296 29.392 58
29.424 29.584 59
29.616 29.712 58
29.744 29.968 57
30.0 30.16 57
30.16 30.448 55
30.48 30.608 55
30.64 30.832 56
30.864 31.056 58
31.088 31.312 59
31.344 31.44 59
31.44 31.536 59
31.568 31.824 60
31.856 32.72 59
32.752 33.456 58
33.456 33.776 52
33.808 33.936 57
33.968 34.48 60
34.512 35.184 59
35.184 35.344 60
35.536 35.696 60
35.728 35.888 62
35.92 36.24 60
36.272 36.752 57
36.88 36.976 59
37.008 37.2 59
37.232 38.192 60
38.224 38.448 60
38.448 38.576 59
38.608 38.896 59
38.896 39.472 59
39.504 39.6 59
39.6 39.664 59
40.208 40.368 55
40.4 41.104 62
41.136 41.2 62
41.2 41.872 62
41.904 42.16 62
42.192 42.384 62
42.416 42.672 64
42.704 43.472 61
43.504 43.696 59
43.728 43.92 59
43.92 44.016 57
44.016 44.144 58
44.176 44.336 59
44.336 44.56 60
44.752 44.848 57
44.88 45.136 57
45.136 45.488 55
45.52 45.584 59
45.584 45.776 64
45.808 46.992 65
47.024 47.504 62
47.536 47.92 60
47.952 48.176 58
48.176 48.272 51
48.304 48.912 53
48.944 49.648 59
49.68 49.808 56
49.84 50.128 57
50.16 50.224 55
50.224 50.448 55
50.48 50.576 55
50.576 52.24 55
52.272 52.368 55
52.368 52.528 54
52.528 53.2 49
53.232 53.456 50
53.456 53.776 60
53.936 54.256 59
54.288 54.416 59
55.152 55.248 58
55.28 55.472 59
55.504 55.888 59
55.92 56.24 59
56.272 56.624 57
56.656 56.848 57
56.848 57.136 55
57.168 57.264 54
57.264 57.712 56
57.744 58.448 59
58.48 58.608 59
58.64 58.8 59
58.8 59.408 59
59.44 59.536 59
59.568 60.176 58
60.176 60.464 51
60.592 61.104 60
61.136 61.872 60
61.872 62.192 60
62.224 62.896 61
62.928 63.12 58
63.12 63.472 57
63.504 63.76 59
63.792 64.304 59
64.336 65.328 60
65.36 65.552 59
65.552 65.744 58
65.776 66.256 59
66.288 66.384 57
66.704 66.96 54
66.992 67.248 55
67.248 67.664 62
67.696 68.4 63
68.4 68.496 61
68.528 68.72 62
68.912 69.968 62
70.0 70.128 59
70.16 70.384 59
70.48 70.832 58
70.864 71.28 60
71.312 71.6 57
71.632 71.856 57
71.856 72.144 55
72.24 72.4 64
72.432 72.976 66
73.456 73.872 63
73.904 74.192 62
74.224 74.64 60
74.672 75.088 52
75.12 75.216 53
75.248 75.76 56
75.792 76.176 59
76.208 76.816 57
76.848 77.072 55
77.104 77.232 54
77.232 79.024 55
79.056 79.696 55
79.728 81.424 62
81.456 82.512 58
82.544 82.96 52
83.088 83.216 59
83.248 83.568 60
83.6 83.856 60
83.888 85.2 60
85.232 85.296 57
85.296 85.776 55
85.808 85.904 54
85.904 86.192 53
86.192 86.288 48
86.384 86.448 55
86.448 86.64 57
86.672 86.8 59
86.832 86.928 59
86.928 87.856 59
87.888 88.304 60
88.336 88.816 53
88.944 89.2 54
89.232 89.328 54
89.328 90.064 54
90.16 90.32 57
90.352 91.184 55
91.216 91.312 55
91.344 92.112 56
92.144 92.4 59
92.432 92.72 55
92.752 92.88 55
92.912 93.424 59
93.456 93.936 62
93.968 94.096 62
94.128 94.256 62
94.288 95.056 61
95.088 95.184 59
95.184 95.312 59
95.344 95.6 57
95.632 95.792 57
96.176 97.2 66
97.232 97.52 60
97.552 97.904 62
97.936 98.096 63
98.128 98.736 61
98.768 99.024 59
99.056 99.216 59
99.248 99.44 54
99.44 99.696 55
99.728 99.824 60
99.856 99.92 60
99.92 101.296 62
101.328 101.424 66
101.424 101.52 65
101.552 101.744 64
101.872 102.256 58
102.288 102.608 55
102.64 103.12 55
103.12 103.664 54
103.92 104.016 54
104.048 104.944 55
104.976 105.36 55
105.392 105.904 55
106.32 106.64 50
106.8 106.928 59
106.96 107.12 60
107.28 107.728 59
107.76 107.856 59
107.888 108.816 59
108.848 109.008 59
109.04 109.296 60
109.328 109.584 59
109.616 109.808 59
109.808 109.968 57
110.0 110.224 56
110.224 110.352 55
110.384 110.672 55
110.704 110.832 57
110.864 111.216 58
111.248 111.536 58
111.568 111.824 60
111.856 111.984 59
112.016 112.848 59
112.88 113.04 57
113.04 113.328 53
113.36 113.552 52
113.552 113.872 52
113.904 114.48 59
114.512 114.704 59
115.184 115.248 59
115.248 115.408 60
115.44 115.664 60
115.696 115.888 62
115.92 116.464 59
116.496 116.56 55
116.56 116.752 57
116.784 117.136 58
117.168 117.264 58
117.296 118.16 60
118.192 118.416 60
118.416 118.608 59
118.64 119.696 59
119.728 119.888 58
119.92 120.144 56
120.176 120.464 55
120.56 121.008 62
121.04 121.744 62
121.744 121.808 61
121.808 122.032 62
122.064 122.608 63
122.64 123.088 61
123.12 123.216 59
123.248 123.376 60
123.408 123.696 59
123.728 123.92 59
123.952 124.112 58
124.144 124.784 59
124.816 125.392 56
125.584 125.744 64
125.776 126.16 66
126.192 126.8 65
126.832 126.896 62
126.896 127.184 63
127.216 127.472 62
127.504 127.888 60
127.92 128.496 53
128.528 128.624 54
128.624 128.912 56
128.944 129.168 59
129.2 129.264 59
129.264 129.36 59
129.392 129.776 59
129.776 130.96 56
130.992 131.216 56
131.248 131.344 56
131.6 132.24 55
132.272 132.72 55
132.752 132.848 55
132.88 132.976 55
132.976 133.392 55
145.008 145.68 59
145.712 145.968 59
145.968 146.064 62
146.096 146.192 64
146.224 146.576 67
146.608 147.6 68
147.632 148.08 67
148.112 148.176 64
148.176 148.304 65
148.336 149.008 65
149.04 149.36 68
149.392 150.256 65
150.288 150.448 62
150.48 150.864 62
150.896 151.056 64
151.088 151.312 68
151.344 151.888 66
151.92 152.656 67
152.688 152.944 67
152.976 153.904 62
153.904 154.256 60
154.288 155.024 61
155.056 155.312 62
155.344 155.472 61
155.504 155.728 62
155.76 156.144 63
156.176 156.592 64
156.624 156.88 65
156.912 157.264 61
157.264 157.36 66
157.392 157.744 66
157.872 158.384 67
158.416 158.64 69
158.672 159.152 66
159.184 159.312 56
159.344 159.408 54
159.408 159.472 55
159.472 159.536 56
159.536 159.76 55
159.76 160.176 59
160.208 160.304 62
160.336 160.528 62
160.56 161.232 62
161.264 161.424 62
161.456 161.712 59
161.84 162.544 57
162.8 162.896 52
162.928 163.312 59
163.344 163.568 60
163.6 163.792 59
163.792 164.176 60
164.208 164.368 57
164.4 164.464 58
164.464 164.688 60
164.72 165.264 58
165.296 165.936 55
166.192 166.288 58
166.288 166.416 58
166.416 166.544 57
166.576 166.896 59
166.928 167.6 59
167.632 167.856 60
167.888 168.048 59
168.048 168.24 60
168.272 168.816 53
168.944 169.104 54
169.136 169.2 54
169.2 169.36 54
169.392 169.712 54
169.712 170.032 55
170.064 170.576 56
170.608 171.248 55
171.28 171.92 56
171.952 172.4 58
172.432 172.656 55
172.688 172.784 55
172.816 172.88 55
172.88 173.392 58
173.424 173.968 62
174.0 174.672 63
174.704 175.28 60
175.312 175.472 58
175.472 175.888 57
176.176 176.56 66
176.592 177.424 65
177.456 177.712 62
177.712 177.808 62
177.968 178.128 62
178.16 178.288 62
178.32 181.072 60
181.104 181.264 59
181.296 181.392 58
181.424 181.488 57
182.736 182.864 47
182.896 182.992 56
183.024 183.12 59
183.152 184.368 62
184.4 184.752 64
184.784 185.104 63
185.136 185.552 55
185.584 185.68 55
185.68 185.968 55
186.0 186.288 54
186.416 186.544 52
186.576 187.056 54
187.088 187.28 54
187.28 187.408 54
187.44 188.944 55
189.744 189.904 50
189.936 190.192 50
190.192 190.48 60
190.512 190.608 59
190.64 191.024 59
191.056 191.12 58
191.12 191.792 57
191.792 191.856 53
191.856 191.984 57
192.016 192.08 59
192.08 192.176 59
192.176 192.56 59
192.592 192.72 59
192.752 192.912 59
192.944 193.296 57
193.328 193.68 55
193.712 194.064 55
194.096 194.192 57
194.192 194.352 57
194.352 194.544 59
194.576 194.736 58
194.736 194.832 58
194.864 195.312 59
195.344 195.952 59
195.984 196.912 53
196.944 197.104 52
197.136 197.264 52
197.264 197.392 58
197.424 197.776 60
197.808 198.512 60
198.512 198.672 60
198.704 198.8 60
198.928 199.28 61
199.312 199.6 60
199.632 199.952 56
199.984 200.08 57
200.112 200.208 57
200.208 200.336 59
200.368 200.464 59
200.496 200.752 59
200.784 201.52 60
201.552 201.872 59
201.872 202.064 59
202.096 202.32 59
202.352 202.896 59
202.928 202.992 59
202.992 203.088 59
203.088 203.472 56
203.504 204.464 60
204.496 204.624 67
205.168 205.68 62
205.712 205.936 64
205.968 206.288 62
206.32 206.576 60
206.608 206.704 60
206.736 207.28 59
207.312 207.472 59
207.504 207.856 60
207.888 208.048 58
208.08 208.272 57
208.496 208.752 55
208.784 208.848 53
208.848 209.04 52
209.072 209.488 54
209.52 209.968 59
210.0 210.384 63
210.576 210.8 62
210.832 211.184 60
211.216 211.664 52
211.824 212.176 54
212.208 212.336 57
212.368 212.816 59
212.848 213.072 58
213.072 213.488 56
213.52 215.152 55
215.184 215.248 55
215.248 216.176 55
216.208 216.752 54
216.784 217.104 55
217.136 217.232 56
217.264 217.36 60
217.392 218.032 62
218.064 218.48 63
218.512 218.992 63
219.024 219.184 64
219.344 219.536 62
219.696 219.824 59
219.856 220.144 60
220.176 221.36 59
221.392 221.68 57
221.712 222.352 57
222.384 222.96 66
222.992 223.44 64
223.472 224.144 63
224.176 224.496 60
224.528 224.624 55
224.656 225.552 53
225.584 226.032 58
226.064 226.128 59
226.128 229.008 56
229.04 229.104 55
229.104 229.2 55
229.2 229.424 54
229.456 229.808 59
229.84 230.064 60
230.096 230.384 63
230.416 230.512 59
230.544 230.64 61
230.64 230.736 62
230.768 230.992 62
230.992 231.056 60
231.056 231.152 60
231.184 231.472 57
231.472 231.6 52
231.632 231.792 53
231.824 231.92 54
231.92 232.016 54
232.048 232.336 56
232.368 233.072 59
233.104 233.2 56
233.2 233.84 56
233.872 235.984 55
236.016 236.08 55
236.08 236.144 55
236.144 236.24 55
236.24 236.88 63
236.912 236.976 64
236.976 237.136 64
237.168 237.264 63
237.296 237.616 62
237.648 237.712 61
237.712 237.936 60
237.968 238.48 53
238.576 240.592 57
240.624 240.72 59
240.72 241.104 59
241.136 241.2 59
241.2 241.456 59
241.488 242.416 59
242.416 242.576 55
242.608 242.864 57
242.896 243.312 55
243.344 245.04 55
